<?xml version="1.0" encoding="UTF-8"?>
<!-- Generated by org.testng.reporters.JUnitReportReporter -->
<testsuite hostname="L7KM63J3" failures="0" tests="3" name="test1.Demo4" time="0.004" errors="0" timestamp="2023-05-17T21:22:29 IST" skipped="0">
  <testcase classname="test1.Demo4" name="Stump" time="0.002"/>
  <system-out/>
  <testcase classname="test1.Demo4" name="Ball" time="0.001"/>
  <system-out/>
  <testcase classname="test1.Demo4" name="Bat" time="0.001"/>
  <system-out/>
</testsuite> <!-- test1.Demo4 -->
