<?xml version="1.0" encoding="UTF-8"?>
<!-- Generated by org.testng.reporters.JUnitReportReporter -->
<testsuite hostname="L7KM63J3" failures="0" tests="4" name="test1.Demo6Parameters" time="0.009" errors="0" timestamp="2023-05-17T21:22:49 IST" skipped="0">
  <testcase classname="test1.Demo6Parameters" name="ABC6" time="0.001"/>
  <system-out/>
  <testcase classname="test1.Demo6Parameters" name="ABC7" time="0.000"/>
  <system-out/>
  <testcase classname="test1.Demo6Parameters" name="ABC5" time="0.002"/>
  <system-out/>
  <testcase classname="test1.Demo6Parameters" name="ABC5" time="0.006"/>
  <system-out/>
</testsuite> <!-- test1.Demo6Parameters -->
