<?xml version="1.0" encoding="UTF-8"?>
<!-- Generated by org.testng.reporters.JUnitReportReporter -->
<testsuite hostname="L7KM63J3" failures="0" tests="3" name="test1.Demo7Parameters" time="0.007" errors="0" timestamp="2023-05-17T21:22:49 IST" skipped="0">
  <testcase classname="test1.Demo7Parameters" name="ABC10" time="0.005"/>
  <system-out/>
  <testcase classname="test1.Demo7Parameters" name="ABC8" time="0.001"/>
  <system-out/>
  <testcase classname="test1.Demo7Parameters" name="ABC9" time="0.001"/>
  <system-out/>
</testsuite> <!-- test1.Demo7Parameters -->
