<?xml version="1.0" encoding="UTF-8"?>
<!-- Generated by org.testng.reporters.JUnitReportReporter -->
<testsuite hostname="L7KM63J3" failures="0" tests="5" name="test1.Demo3" time="0.004" errors="0" timestamp="2023-05-17T21:22:29 IST" skipped="1">
  <testcase classname="test1.Demo3" name="Raghul" time="0.001"/>
  <system-out/>
  <testcase classname="test1.Demo3" name="Karthick" time="0.001"/>
  <system-out/>
  <testcase classname="test1.Demo3" name="Abzar" time="0.001"/>
  <system-out/>
  <testcase classname="test1.Demo3" name="PrakashLogout" time="0.001"/>
  <system-out/>
  <testcase classname="test1.Demo3" name="PrakashLogin">
    <skipped/>
  </testcase> <!-- PrakashLogin -->
  <system-out/>
</testsuite> <!-- test1.Demo3 -->
