<?xml version="1.0" encoding="UTF-8"?>
<!-- Generated by org.testng.reporters.JUnitReportReporter -->
<testsuite hostname="L7KM63J3" failures="0" tests="1" name="test1.Demo2" time="0.001" errors="0" timestamp="2023-05-17T21:22:29 IST" skipped="0">
  <testcase classname="test1.Demo2" name="Letchu" time="0.001"/>
  <system-out/>
</testsuite> <!-- test1.Demo2 -->
