<?xml version="1.0" encoding="UTF-8"?>
<!-- Generated by org.testng.reporters.JUnitReportReporter -->
<testsuite hostname="L7KM63J3" failures="0" tests="4" name="Temenos.ExcelDriven.jdbc" time="14.428" errors="0" timestamp="2023-06-01T22:34:42 IST" skipped="0">
  <testcase classname="Temenos.ExcelDriven.jdbc" name="loginApp" time="5.227"/>
  <system-out/>
  <testcase classname="Temenos.ExcelDriven.jdbc" name="loginAppUsingDataProvider" time="3.125"/>
  <system-out/>
  <testcase classname="Temenos.ExcelDriven.jdbc" name="loginAppUsingDataProvider" time="3.098"/>
  <system-out/>
  <testcase classname="Temenos.ExcelDriven.jdbc" name="loginAppUsingDataProvider" time="2.978"/>
  <system-out/>
</testsuite> <!-- Temenos.ExcelDriven.jdbc -->
