<?xml version="1.0" encoding="UTF-8"?>
<!-- Generated by org.testng.reporters.JUnitReportReporter -->
<testsuite hostname="L7KM63J3" failures="0" tests="3" name="Temenos.ExcelDriven.dataProvider" time="0.009" errors="0" timestamp="2023-05-26T16:58:48 IST" skipped="0">
  <testcase classname="Temenos.ExcelDriven.dataProvider" name="testcase1" time="0.001"/>
  <system-out/>
  <testcase classname="Temenos.ExcelDriven.dataProvider" name="testcase1" time="0.002"/>
  <system-out/>
  <testcase classname="Temenos.ExcelDriven.dataProvider" name="testcase1" time="0.006"/>
  <system-out/>
</testsuite> <!-- Temenos.ExcelDriven.dataProvider -->
