<?xml version="1.0" encoding="UTF-8"?>
<!-- Generated by org.testng.reporters.JUnitReportReporter -->
<testsuite hostname="L7KM63J3" failures="0" tests="1" name="Temenos.ExternalReports.ExtentReportsDemo" time="5.883" errors="0" timestamp="2023-05-19T00:04:11 IST" skipped="0">
  <testcase classname="Temenos.ExternalReports.ExtentReportsDemo" name="initialDemo" time="5.883"/>
  <system-out/>
</testsuite> <!-- Temenos.ExternalReports.ExtentReportsDemo -->
