<?xml version="1.0" encoding="UTF-8"?>
<!-- Generated by org.testng.reporters.JUnitReportReporter -->
<testsuite hostname="L7KM63J3" failures="0" tests="1" name="cucumber.TestNgTestRunner" time="12.446" errors="0" timestamp="2023-05-22T22:31:23 IST" skipped="0">
  <testcase classname="cucumber.TestNgTestRunner" name="runScenario" time="12.446"/>
  <system-out/>
</testsuite> <!-- cucumber.TestNgTestRunner -->
