<?xml version="1.0" encoding="UTF-8"?>
<!-- Generated by org.testng.reporters.JUnitReportReporter -->
<testsuite hostname="L7KM63J3" failures="0" tests="3" name="Temenos.TestCases.SubmitOrderTest" time="31.652" errors="0" timestamp="2023-05-25T09:16:55 IST" skipped="0">
  <testcase classname="Temenos.TestCases.SubmitOrderTest" name="SubmitOrder" time="10.908"/>
  <system-out/>
  <testcase classname="Temenos.TestCases.SubmitOrderTest" name="SubmitOrder" time="12.260"/>
  <system-out/>
  <testcase classname="Temenos.TestCases.SubmitOrderTest" name="validateOrderPage" time="8.484"/>
  <system-out/>
</testsuite> <!-- Temenos.TestCases.SubmitOrderTest -->
