<?xml version="1.0" encoding="UTF-8"?>
<!-- Generated by org.testng.reporters.JUnitReportReporter -->
<testsuite hostname="L7KM63J3" failures="0" tests="2" name="Temenos.TestCases.ErrorValidationTest" time="16.250" errors="0" timestamp="2023-05-25T09:16:55 IST" skipped="0">
  <testcase classname="Temenos.TestCases.ErrorValidationTest" name="confirmationMsgValidation" time="10.675"/>
  <system-out/>
  <testcase classname="Temenos.TestCases.ErrorValidationTest" name="loginErrorValidation" time="5.575"/>
  <system-out/>
</testsuite> <!-- Temenos.TestCases.ErrorValidationTest -->
