<?xml version="1.0" encoding="UTF-8"?>
<!-- Generated by org.testng.reporters.JUnitReportReporter -->
<testsuite hostname="L7KM63J3" failures="0" tests="1" name="Temenos.CrossBrowserTesting.Demo" time="3.527" errors="0" timestamp="2023-05-28T21:59:04 IST" skipped="0">
  <testcase classname="Temenos.CrossBrowserTesting.Demo" name="titleCheck" time="3.527"/>
  <system-out/>
</testsuite> <!-- Temenos.CrossBrowserTesting.Demo -->
