<?xml version="1.0" encoding="UTF-8"?>
<!-- Generated by org.testng.reporters.JUnitReportReporter -->
<testsuite hostname="L7KM63J3" failures="0" tests="2" name="Temenos.TestCases.ErrorValidationTest" time="15.660" errors="0" timestamp="2023-05-21T20:24:31 IST" skipped="0">
  <testcase classname="Temenos.TestCases.ErrorValidationTest" name="confirmationMsgValidation" time="9.890"/>
  <system-out/>
  <testcase classname="Temenos.TestCases.ErrorValidationTest" name="loginErrorValidation" time="5.770"/>
  <system-out/>
</testsuite> <!-- Temenos.TestCases.ErrorValidationTest -->
