<?xml version="1.0" encoding="UTF-8"?>
<!-- Generated by org.testng.reporters.JUnitReportReporter -->
<testsuite hostname="L7KM63J3" failures="0" tests="1" name="Temenos.TestCases.StandAloneTest2" time="8.981" errors="0" timestamp="2023-05-15T17:03:59 IST" skipped="0">
  <testcase classname="Temenos.TestCases.StandAloneTest2" name="SubmitOrder" time="8.981"/>
  <system-out/>
</testsuite> <!-- Temenos.TestCases.StandAloneTest2 -->
