<?xml version="1.0" encoding="UTF-8"?>
<!-- Generated by org.testng.reporters.JUnitReportReporter -->
<testsuite hostname="L7KM63J3" failures="0" tests="1" name="Temenos.CrossBrowserTesting.TestDemo" time="3.202" errors="0" timestamp="2023-05-28T22:05:27 IST" skipped="0">
  <testcase classname="Temenos.CrossBrowserTesting.TestDemo" name="titleCheck" time="3.202"/>
  <system-out/>
</testsuite> <!-- Temenos.CrossBrowserTesting.TestDemo -->
